# JRE version: Java(TM) SE Runtime Environment (7.0_45-b18) (build 1.7.0_45-b18)
# Java VM: Java HotSpot(TM) 64-Bit Server VM (24.45-b08 mixed mode windows-amd64 compressed oops)
Heap
 PSYoungGen      total 273920K, used 226668K [0x00000007d5b00000, 0x00000007f0b80000, 0x0000000800000000)
  eden space 265728K, 85% used [0x00000007d5b00000,0x00000007e3841918,0x00000007e5e80000)
  from space 8192K, 1% used [0x00000007e5e80000,0x00000007e5e99878,0x00000007e6680000)
  to   space 8704K, 0% used [0x00000007f0300000,0x00000007f0300000,0x00000007f0b80000)
 ParOldGen       total 86528K, used 6966K [0x0000000781200000, 0x0000000786680000, 0x00000007d5b00000)
  object space 86528K, 8% used [0x0000000781200000,0x00000007818cd9a8,0x0000000786680000)
 PSPermGen       total 21504K, used 19619K [0x000000077c000000, 0x000000077d500000, 0x0000000781200000)
  object space 21504K, 91% used [0x000000077c000000,0x000000077d328f60,0x000000077d500000)
GC Heap History (10 events):
Event: 2.324 GC heap before
{Heap before GC invocations=5 (full 0):
 PSYoungGen      total 71680K, used 71649K [0x00000007d5b00000, 0x00000007da600000, 0x0000000800000000)
  eden space 66560K, 100% used [0x00000007d5b00000,0x00000007d9c00000,0x00000007d9c00000)
  from space 5120K, 99% used [0x00000007da100000,0x00000007da5f86b8,0x00000007da600000)
  to   space 5120K, 0% used [0x00000007d9c00000,0x00000007d9c00000,0x00000007da100000)
 ParOldGen       total 86528K, used 1850K [0x0000000781200000, 0x0000000786680000, 0x00000007d5b00000)
  object space 86528K, 2% used [0x0000000781200000,0x00000007813ce840,0x0000000786680000)
 PSPermGen       total 21504K, used 14357K [0x000000077c000000, 0x000000077d500000, 0x0000000781200000)
  object space 21504K, 66% used [0x000000077c000000,0x000000077ce055d0,0x000000077d500000)
Event: 2.332 GC heap after
Heap after GC invocations=5 (full 0):
 PSYoungGen      total 71680K, used 5096K [0x00000007d5b00000, 0x00000007dea00000, 0x0000000800000000)
  eden space 66560K, 0% used [0x00000007d5b00000,0x00000007d5b00000,0x00000007d9c00000)
  from space 5120K, 99% used [0x00000007d9c00000,0x00000007da0fa308,0x00000007da100000)
  to   space 6656K, 0% used [0x00000007de380000,0x00000007de380000,0x00000007dea00000)
 ParOldGen       total 86528K, used 1886K [0x0000000781200000, 0x0000000786680000, 0x00000007d5b00000)
  object space 86528K, 2% used [0x0000000781200000,0x00000007813d7850,0x0000000786680000)
 PSPermGen       total 21504K, used 14357K [0x000000077c000000, 0x000000077d500000, 0x0000000781200000)
  object space 21504K, 66% used [0x000000077c000000,0x000000077ce055d0,0x000000077d500000)
}
Event: 2.348 GC heap before
{Heap before GC invocations=6 (full 0):
 PSYoungGen      total 71680K, used 71656K [0x00000007d5b00000, 0x00000007dea00000, 0x0000000800000000)
  eden space 66560K, 100% used [0x00000007d5b00000,0x00000007d9c00000,0x00000007d9c00000)
  from space 5120K, 99% used [0x00000007d9c00000,0x00000007da0fa308,0x00000007da100000)
  to   space 6656K, 0% used [0x00000007de380000,0x00000007de380000,0x00000007dea00000)
 ParOldGen       total 86528K, used 1886K [0x0000000781200000, 0x0000000786680000, 0x00000007d5b00000)
  object space 86528K, 2% used [0x0000000781200000,0x00000007813d7850,0x0000000786680000)
 PSPermGen       total 21504K, used 14357K [0x000000077c000000, 0x000000077d500000, 0x0000000781200000)
  object space 21504K, 66% used [0x000000077c000000,0x000000077ce055d0,0x000000077d500000)
Event: 2.358 GC heap after
Heap after GC invocations=6 (full 0):
 PSYoungGen      total 139776K, used 5161K [0x00000007d5b00000, 0x00000007dea00000, 0x0000000800000000)
  eden space 133120K, 0% used [0x00000007d5b00000,0x00000007d5b00000,0x00000007ddd00000)
  from space 6656K, 77% used [0x00000007de380000,0x00000007de88a718,0x00000007dea00000)
  to   space 6656K, 0% used [0x00000007ddd00000,0x00000007ddd00000,0x00000007de380000)
 ParOldGen       total 86528K, used 1886K [0x0000000781200000, 0x0000000786680000, 0x00000007d5b00000)
  object space 86528K, 2% used [0x0000000781200000,0x00000007813d7850,0x0000000786680000)
 PSPermGen       total 21504K, used 14357K [0x000000077c000000, 0x000000077d500000, 0x0000000781200000)
  object space 21504K, 66% used [0x000000077c000000,0x000000077ce055d0,0x000000077d500000)
}
Event: 2.404 GC heap before
{Heap before GC invocations=7 (full 0):
 PSYoungGen      total 139776K, used 138281K [0x00000007d5b00000, 0x00000007dea00000, 0x0000000800000000)
  eden space 133120K, 100% used [0x00000007d5b00000,0x00000007ddd00000,0x00000007ddd00000)
  from space 6656K, 77% used [0x00000007de380000,0x00000007de88a718,0x00000007dea00000)
  to   space 6656K, 0% used [0x00000007ddd00000,0x00000007ddd00000,0x00000007de380000)
 ParOldGen       total 86528K, used 1886K [0x0000000781200000, 0x0000000786680000, 0x00000007d5b00000)
  object space 86528K, 2% used [0x0000000781200000,0x00000007813d7850,0x0000000786680000)
 PSPermGen       total 21504K, used 14357K [0x000000077c000000, 0x000000077d500000, 0x0000000781200000)
  object space 21504K, 66% used [0x000000077c000000,0x000000077ce055d0,0x000000077d500000)
Event: 2.413 GC heap after
Heap after GC invocations=7 (full 0):
 PSYoungGen      total 139776K, used 343K [0x00000007d5b00000, 0x00000007e6e00000, 0x0000000800000000)
  eden space 133120K, 0% used [0x00000007d5b00000,0x00000007d5b00000,0x00000007ddd00000)
  from space 6656K, 5% used [0x00000007ddd00000,0x00000007ddd55dc8,0x00000007de380000)
  to   space 7680K, 0% used [0x00000007e6680000,0x00000007e6680000,0x00000007e6e00000)
 ParOldGen       total 86528K, used 6687K [0x0000000781200000, 0x0000000786680000, 0x00000007d5b00000)
  object space 86528K, 7% used [0x0000000781200000,0x0000000781887ef0,0x0000000786680000)
 PSPermGen       total 21504K, used 14357K [0x000000077c000000, 0x000000077d500000, 0x0000000781200000)
  object space 21504K, 66% used [0x000000077c000000,0x000000077ce055d0,0x000000077d500000)
}
Event: 2.437 GC heap before
{Heap before GC invocations=8 (full 0):
 PSYoungGen      total 139776K, used 133463K [0x00000007d5b00000, 0x00000007e6e00000, 0x0000000800000000)
  eden space 133120K, 100% used [0x00000007d5b00000,0x00000007ddd00000,0x00000007ddd00000)
  from space 6656K, 5% used [0x00000007ddd00000,0x00000007ddd55dc8,0x00000007de380000)
  to   space 7680K, 0% used [0x00000007e6680000,0x00000007e6680000,0x00000007e6e00000)
 ParOldGen       total 86528K, used 6687K [0x0000000781200000, 0x0000000786680000, 0x00000007d5b00000)
  object space 86528K, 7% used [0x0000000781200000,0x0000000781887ef0,0x0000000786680000)
 PSPermGen       total 21504K, used 14357K [0x000000077c000000, 0x000000077d500000, 0x0000000781200000)
  object space 21504K, 66% used [0x000000077c000000,0x000000077ce055d0,0x000000077d500000)
Event: 2.438 GC heap after
Heap after GC invocations=8 (full 0):
 PSYoungGen      total 273408K, used 141K [0x00000007d5b00000, 0x00000007e6f00000, 0x0000000800000000)
  eden space 265728K, 0% used [0x00000007d5b00000,0x00000007d5b00000,0x00000007e5e80000)
  from space 7680K, 1% used [0x00000007e6680000,0x00000007e66a3570,0x00000007e6e00000)
  to   space 8192K, 0% used [0x00000007e5e80000,0x00000007e5e80000,0x00000007e6680000)
 ParOldGen       total 86528K, used 6950K [0x0000000781200000, 0x0000000786680000, 0x00000007d5b00000)
  object space 86528K, 8% used [0x0000000781200000,0x00000007818c99a8,0x0000000786680000)
 PSPermGen       total 21504K, used 14357K [0x000000077c000000, 0x000000077d500000, 0x0000000781200000)
  object space 21504K, 66% used [0x000000077c000000,0x000000077ce055d0,0x000000077d500000)
}
Event: 2.548 GC heap before
{Heap before GC invocations=9 (full 0):
 PSYoungGen      total 273408K, used 265869K [0x00000007d5b00000, 0x00000007e6f00000, 0x0000000800000000)
  eden space 265728K, 100% used [0x00000007d5b00000,0x00000007e5e80000,0x00000007e5e80000)
  from space 7680K, 1% used [0x00000007e6680000,0x00000007e66a3570,0x00000007e6e00000)
  to   space 8192K, 0% used [0x00000007e5e80000,0x00000007e5e80000,0x00000007e6680000)
 ParOldGen       total 86528K, used 6950K [0x0000000781200000, 0x0000000786680000, 0x00000007d5b00000)
  object space 86528K, 8% used [0x0000000781200000,0x00000007818c99a8,0x0000000786680000)
 PSPermGen       total 21504K, used 14357K [0x000000077c000000, 0x000000077d500000, 0x0000000781200000)
  object space 21504K, 66% used [0x000000077c000000,0x000000077ce055d0,0x000000077d500000)
Event: 2.550 GC heap after
Heap after GC invocations=9 (full 0):
 PSYoungGen      total 273920K, used 102K [0x00000007d5b00000, 0x00000007f0b80000, 0x0000000800000000)
  eden space 265728K, 0% used [0x00000007d5b00000,0x00000007d5b00000,0x00000007e5e80000)
  from space 8192K, 1% used [0x00000007e5e80000,0x00000007e5e99878,0x00000007e6680000)
  to   space 8704K, 0% used [0x00000007f0300000,0x00000007f0300000,0x00000007f0b80000)
 ParOldGen       total 86528K, used 6966K [0x0000000781200000, 0x0000000786680000, 0x00000007d5b00000)
  object space 86528K, 8% used [0x0000000781200000,0x00000007818cd9a8,0x0000000786680000)
 PSPermGen       total 21504K, used 14357K [0x000000077c000000, 0x000000077d500000, 0x0000000781200000)
  object space 21504K, 66% used [0x000000077c000000,0x000000077ce055d0,0x000000077d500000)
}

